#
# There is insufficient memory for the Java Runtime Environment to continue.
# Native memory allocation (malloc) failed to allocate 1048576 bytes for AllocateHeap
# Possible reasons:
#   The system is out of physical RAM or swap space
#   In 32 bit mode, the process size limit was hit
# Possible solutions:
#   Reduce memory load on the system
#   Increase physical memory or swap space
#   Check if swap backing store is full
#   Use 64 bit Java on a 64 bit OS
#   Decrease Java heap size (-Xmx/-Xms)
#   Decrease number of Java threads
#   Decrease Java thread stack sizes (-Xss)
#   Set larger code cache with -XX:ReservedCodeCacheSize=
# This output file may be truncated or incomplete.
#
#  Out of Memory Error (memory/allocation.inline.hpp:61), pid=3708, tid=0x0000000000002ea0
#
# JRE version:  (8.0_172-b11) (build )
# Java VM: Java HotSpot(TM) 64-Bit Server VM (25.172-b11 mixed mode windows-amd64 compressed oops)
# Failed to write core dump. Minidumps are not enabled by default on client versions of Windows
#

---------------  T H R E A D  ---------------

Current thread (0x0000000002764000):  JavaThread "Unknown thread" [_thread_in_vm, id=11936, stack(0x00000000025d0000,0x00000000026d0000)]

Stack: [0x00000000025d0000,0x00000000026d0000]
[error occurred during error reporting (printing stack bounds), id 0xc0000005]

Native frames: (J=compiled Java code, j=interpreted, Vv=VM code, C=native code)


---------------  P R O C E S S  ---------------

Java Threads: ( => current thread )

Other Threads:

=>0x0000000002764000 (exited) JavaThread "Unknown thread" [_thread_in_vm, id=11936, stack(0x00000000025d0000,0x00000000026d0000)]

VM state:not at safepoint (normal execution)

VM Mutex/Monitor currently owned by a thread: None

Heap:
 PSYoungGen      total 37888K, used 655K [0x00000000f5580000, 0x00000000f7f80000, 0x0000000100000000)
  eden space 32768K, 2% used [0x00000000f5580000,0x00000000f5623d80,0x00000000f7580000)
  from space 5120K, 0% used [0x00000000f7a80000,0x00000000f7a80000,0x00000000f7f80000)
  to   space 5120K, 0% used [0x00000000f7580000,0x00000000f7580000,0x00000000f7a80000)
 ParOldGen       total 86016K, used 0K [0x00000000e0000000, 0x00000000e5400000, 0x00000000f5580000)
  object space 86016K, 0% used [0x00000000e0000000,0x00000000e0000000,0x00000000e5400000)
 Metaspace       used 784K, capacity 1092K, committed 1152K, reserved 1060864K
  class space    used 76K, capacity 384K, committed 384K, reserved 1048576K

Card table byte_map: [0x0000000011c20000,0x0000000011d30000] byte_map_base: 0x0000000011520000

Marking Bits: (ParMarkBitMap*) 0x000000006bf63c10
 Begin Bits: [0x00000000121e0000, 0x00000000129e0000)
 End Bits:   [0x00000000129e0000, 0x00000000131e0000)

Polling page: 0x0000000000740000

CodeCache: size=245760Kb used=327Kb max_used=327Kb free=245432Kb
 bounds [0x0000000002860000, 0x0000000002ad0000, 0x0000000011860000]
 total_blobs=57 nmethods=0 adapters=38
 compilation: enabled

Compilation events (0 events):
No events

GC Heap History (0 events):
No events

Deoptimization events (0 events):
No events

Classes redefined (0 events):
No events

Internal exceptions (0 events):
No events

Events (10 events):
Event: 0.037 loading class java/lang/Short
Event: 0.037 loading class java/lang/Short done
Event: 0.037 loading class java/lang/Integer
Event: 0.037 loading class java/lang/Integer done
Event: 0.037 loading class java/lang/Long
Event: 0.037 loading class java/lang/Long done
Event: 0.038 loading class java/lang/NullPointerException
Event: 0.038 loading class java/lang/NullPointerException done
Event: 0.038 loading class java/lang/ArithmeticException
Event: 0.038 loading class java/lang/ArithmeticException done


Dynamic libraries:
0x00007ff731930000 - 0x00007ff731967000 	C:\Program Files\Java\jdk1.8.0_172\bin\java.exe
0x00007ffe7c430000 - 0x00007ffe7c611000 	C:\WINDOWS\SYSTEM32\ntdll.dll
0x00007ffe7b0a0000 - 0x00007ffe7b152000 	C:\WINDOWS\System32\KERNEL32.DLL
0x00007ffe794f0000 - 0x00007ffe79763000 	C:\WINDOWS\System32\KERNELBASE.dll
0x00007ffe7b400000 - 0x00007ffe7b4a1000 	C:\WINDOWS\System32\ADVAPI32.dll
0x00007ffe7b990000 - 0x00007ffe7ba2e000 	C:\WINDOWS\System32\msvcrt.dll
0x00007ffe7b160000 - 0x00007ffe7b1bb000 	C:\WINDOWS\System32\sechost.dll
0x00007ffe7aed0000 - 0x00007ffe7aff4000 	C:\WINDOWS\System32\RPCRT4.dll
0x00007ffe7c0f0000 - 0x00007ffe7c280000 	C:\WINDOWS\System32\USER32.dll
0x00007ffe79820000 - 0x00007ffe79840000 	C:\WINDOWS\System32\win32u.dll
0x00007ffe798c0000 - 0x00007ffe798e8000 	C:\WINDOWS\System32\GDI32.dll
0x00007ffe79250000 - 0x00007ffe793e2000 	C:\WINDOWS\System32\gdi32full.dll
0x00007ffe79450000 - 0x00007ffe794ef000 	C:\WINDOWS\System32\msvcp_win.dll
0x00007ffe78f10000 - 0x00007ffe7900a000 	C:\WINDOWS\System32\ucrtbase.dll
0x00007ffe69430000 - 0x00007ffe69699000 	C:\WINDOWS\WinSxS\amd64_microsoft.windows.common-controls_6595b64144ccf1df_6.0.17134.472_none_fb3f9af53068156d\COMCTL32.dll
0x00007ffe7b600000 - 0x00007ffe7b922000 	C:\WINDOWS\System32\combase.dll
0x00007ffe79840000 - 0x00007ffe798ba000 	C:\WINDOWS\System32\bcryptPrimitives.dll
0x00007ffe7b000000 - 0x00007ffe7b02d000 	C:\WINDOWS\System32\IMM32.DLL
0x000000006aca0000 - 0x000000006ad72000 	C:\Program Files\Java\jdk1.8.0_172\jre\bin\msvcr100.dll
0x000000006b740000 - 0x000000006bfe3000 	C:\Program Files\Java\jdk1.8.0_172\jre\bin\server\jvm.dll
0x00007ffe7b520000 - 0x00007ffe7b528000 	C:\WINDOWS\System32\PSAPI.DLL
0x00007ffe696c0000 - 0x00007ffe696c9000 	C:\WINDOWS\SYSTEM32\WSOCK32.dll
0x00007ffe6e550000 - 0x00007ffe6e55a000 	C:\WINDOWS\SYSTEM32\VERSION.dll
0x00007ffe7b030000 - 0x00007ffe7b09c000 	C:\WINDOWS\System32\WS2_32.dll
0x00007ffe76990000 - 0x00007ffe769b3000 	C:\WINDOWS\SYSTEM32\WINMM.dll
0x00007ffe76960000 - 0x00007ffe7698a000 	C:\WINDOWS\SYSTEM32\winmmbase.dll
0x00007ffe79200000 - 0x00007ffe79249000 	C:\WINDOWS\System32\cfgmgr32.dll
0x000000006b5a0000 - 0x000000006b5af000 	C:\Program Files\Java\jdk1.8.0_172\jre\bin\verify.dll
0x000000006b570000 - 0x000000006b599000 	C:\Program Files\Java\jdk1.8.0_172\jre\bin\java.dll
0x000000006b550000 - 0x000000006b566000 	C:\Program Files\Java\jdk1.8.0_172\jre\bin\zip.dll

VM Arguments:
jvm_args: -Xmx512M 
java_command: TEST.Test
java_class_path (initial): C:\Users\hamza\Desktop\java\ebank\target\classes;C:\Users\hamza\.m2\repository\com\twilio\sdk\twilio\7.9.1\twilio-7.9.1.jar;C:\Users\hamza\.m2\repository\com\google\guava\guava\18.0\guava-18.0.jar;C:\Users\hamza\.m2\repository\joda-time\joda-time\2.5\joda-time-2.5.jar;C:\Users\hamza\.m2\repository\io\jsonwebtoken\jjwt\0.4\jjwt-0.4.jar;C:\Users\hamza\.m2\repository\org\slf4j\slf4j-api\1.7.6\slf4j-api-1.7.6.jar;C:\Users\hamza\.m2\repository\org\apache\httpcomponents\httpclient\4.5.2\httpclient-4.5.2.jar;C:\Users\hamza\.m2\repository\commons-logging\commons-logging\1.2\commons-logging-1.2.jar;C:\Users\hamza\.m2\repository\commons-codec\commons-codec\1.9\commons-codec-1.9.jar;C:\Users\hamza\.m2\repository\org\apache\httpcomponents\httpcore\4.4.4\httpcore-4.4.4.jar;C:\Users\hamza\.m2\repository\com\fasterxml\jackson\core\jackson-core\2.8.7\jackson-core-2.8.7.jar;C:\Users\hamza\.m2\repository\com\fasterxml\jackson\core\jackson-annotations\2.8.7\jackson-annotations-2.8.7.jar;C:\Users\hamza\.m2\repository\com\fasterxml\jackson\core\jackson-databind\2.8.7\jackson-databind-2.8.7.jar;C:\Users\hamza\.m2\repository\javax\xml\bind\jaxb-api\2.2\jaxb-api-2.2.jar;C:\Users\hamza\.m2\repository\javax\xml\stream\stax-api\1.0-2\stax-api-1.0-2.jar;C:\Users\hamza\.m2\repository\javax\activation\activation\1.1\activation-1.1.jar;C:\Users\hamza\.m2\repository\postgresql\postgresql\9.1-901-1.jdbc4\postgresql-9.1-901-1.jdbc4.jar
Launcher Type: SUN_STANDARD

Environment Variables:
JAVA_HOME=C:\Program Files\Java\jdk1.8.0_172
_JAVA_OPTIONS=-Xmx512M
CLASSPATH=.;
USERNAME=hamza
OS=Windows_NT
PROCESSOR_IDENTIFIER=Intel64 Family 6 Model 37 Stepping 5, GenuineIntel



---------------  S Y S T E M  ---------------

OS: Windows 10.0 , 64 bit Build 17134 (10.0.17134.1)

CPU:total 4 (initial active 4) (2 cores per cpu, 2 threads per core) family 6 model 37 stepping 5, cmov, cx8, fxsr, mmx, sse, sse2, sse3, ssse3, sse4.1, sse4.2, popcnt, ht, tsc, tscinvbit

Memory: 4k page, physical 8180272k(1524120k free), swap 9595440k(5320k free)

vm_info: Java HotSpot(TM) 64-Bit Server VM (25.172-b11) for windows-amd64 JRE (1.8.0_172-b11), built on Mar 28 2018 21:21:52 by "java_re" with MS VC++ 10.0 (VS2010)

time: Mon Dec 31 18:35:52 2018
elapsed time: 0 seconds (0d 0h 0m 0s)

