#
# There is insufficient memory for the Java Runtime Environment to continue.
# Native memory allocation (malloc) failed to allocate 997776 bytes for Chunk::new
# Possible reasons:
#   The system is out of physical RAM or swap space
#   In 32 bit mode, the process size limit was hit
# Possible solutions:
#   Reduce memory load on the system
#   Increase physical memory or swap space
#   Check if swap backing store is full
#   Use 64 bit Java on a 64 bit OS
#   Decrease Java heap size (-Xmx/-Xms)
#   Decrease number of Java threads
#   Decrease Java thread stack sizes (-Xss)
#   Set larger code cache with -XX:ReservedCodeCacheSize=
# This output file may be truncated or incomplete.
#
#  Out of Memory Error (allocation.cpp:390), pid=10184, tid=0x000000000000070c
#
# JRE version: Java(TM) SE Runtime Environment (8.0_172-b11) (build 1.8.0_172-b11)
# Java VM: Java HotSpot(TM) 64-Bit Server VM (25.172-b11 mixed mode windows-amd64 compressed oops)
# Failed to write core dump. Minidumps are not enabled by default on client versions of Windows
#

---------------  T H R E A D  ---------------

Current thread (0x00000000145d3800):  JavaThread "C2 CompilerThread0" daemon [_thread_in_native, id=1804, stack(0x0000000015c50000,0x0000000015d50000)]

Stack: [0x0000000015c50000,0x0000000015d50000]
[error occurred during error reporting (printing stack bounds), id 0xc0000005]

Native frames: (J=compiled Java code, j=interpreted, Vv=VM code, C=native code)


Current CompileTask:
C2:   4015 1368   !   4       org.apache.maven.model.interpolation.StringSearchModelInterpolator$InterpolateObjectAction::traverseObjectWithParents (118 bytes)


---------------  P R O C E S S  ---------------

Java Threads: ( => current thread )
  0x0000000017873800 JavaThread "Thread-1" daemon [_thread_blocked, id=11676, stack(0x0000000019300000,0x0000000019400000)]
  0x00000000173fa000 JavaThread "Thread-3" daemon [_thread_in_native, id=9340, stack(0x0000000019200000,0x0000000019300000)]
  0x00000000181f1000 JavaThread "Thread-2" daemon [_thread_in_native, id=10668, stack(0x0000000019100000,0x0000000019200000)]
  0x0000000015f7b000 JavaThread "Service Thread" daemon [_thread_blocked, id=9232, stack(0x0000000016350000,0x0000000016450000)]
  0x00000000145d9800 JavaThread "C1 CompilerThread2" daemon [_thread_blocked, id=1508, stack(0x0000000015e50000,0x0000000015f50000)]
  0x00000000145d5800 JavaThread "C2 CompilerThread1" daemon [_thread_blocked, id=10932, stack(0x0000000015d50000,0x0000000015e50000)]
=>0x00000000145d3800 JavaThread "C2 CompilerThread0" daemon [_thread_in_native, id=1804, stack(0x0000000015c50000,0x0000000015d50000)]
  0x00000000145d0000 JavaThread "Attach Listener" daemon [_thread_blocked, id=7364, stack(0x0000000015b50000,0x0000000015c50000)]
  0x00000000145cf000 JavaThread "Signal Dispatcher" daemon [_thread_blocked, id=11612, stack(0x0000000015a50000,0x0000000015b50000)]
  0x00000000145c0000 JavaThread "Finalizer" daemon [_thread_blocked, id=2740, stack(0x0000000015850000,0x0000000015950000)]
  0x0000000003186000 JavaThread "Reference Handler" daemon [_thread_blocked, id=10792, stack(0x0000000015750000,0x0000000015850000)]
  0x0000000003093800 JavaThread "main" [_thread_in_native, id=2392, stack(0x0000000002f80000,0x0000000003080000)]

Other Threads:
  0x0000000014598000 VMThread [stack: 0x0000000015650000,0x0000000015750000] [id=9820]
  0x0000000015f7c800 WatcherThread [stack: 0x0000000016450000,0x0000000016550000] [id=11592]

VM state:not at safepoint (normal execution)

VM Mutex/Monitor currently owned by a thread: None

Heap:
 PSYoungGen      total 37888K, used 34562K [0x00000000f5580000, 0x00000000f9f80000, 0x0000000100000000)
  eden space 32768K, 89% used [0x00000000f5580000,0x00000000f7241788,0x00000000f7580000)
  from space 5120K, 99% used [0x00000000f7a80000,0x00000000f7f7f2d0,0x00000000f7f80000)
  to   space 5120K, 0% used [0x00000000f7580000,0x00000000f7580000,0x00000000f7a80000)
 ParOldGen       total 86016K, used 1675K [0x00000000e0000000, 0x00000000e5400000, 0x00000000f5580000)
  object space 86016K, 1% used [0x00000000e0000000,0x00000000e01a2e10,0x00000000e5400000)
 Metaspace       used 13216K, capacity 13512K, committed 13824K, reserved 1060864K
  class space    used 1610K, capacity 1685K, committed 1792K, reserved 1048576K

Card table byte_map: [0x0000000012560000,0x0000000012670000] byte_map_base: 0x0000000011e60000

Marking Bits: (ParMarkBitMap*) 0x000000006bf63c10
 Begin Bits: [0x0000000012b20000, 0x0000000013320000)
 End Bits:   [0x0000000013320000, 0x0000000013b20000)

Polling page: 0x00000000011e0000

CodeCache: size=245760Kb used=6633Kb max_used=6645Kb free=239126Kb
 bounds [0x00000000031a0000, 0x0000000003830000, 0x00000000121a0000]
 total_blobs=2228 nmethods=1904 adapters=236
 compilation: enabled

Compilation events (10 events):
Event: 3.554 Thread 0x00000000145d9800 nmethod 1904 0x000000000381b690 code [0x000000000381b8c0, 0x000000000381c638]
Event: 3.554 Thread 0x00000000145d9800 1905       3       java.lang.ProcessEnvironment$CheckedEntry::getKey (5 bytes)
Event: 3.554 Thread 0x00000000145d9800 nmethod 1905 0x000000000380eb10 code [0x000000000380ec80, 0x000000000380efe8]
Event: 3.554 Thread 0x00000000145d9800 1906       3       java.lang.ProcessEnvironment$CheckedEntry::getKey (13 bytes)
Event: 3.555 Thread 0x00000000145d9800 nmethod 1906 0x000000000380e5d0 code [0x000000000380e740, 0x000000000380ea48]
Event: 3.571 Thread 0x00000000145d5800 nmethod 1896 0x0000000003820a10 code [0x0000000003820c20, 0x0000000003821a70]
Event: 3.571 Thread 0x00000000145d5800 1903       4       java.lang.String::replace (127 bytes)
Event: 3.585 Thread 0x00000000145d5800 nmethod 1903 0x000000000380ddd0 code [0x000000000380df20, 0x000000000380e3b8]
Event: 3.809 Thread 0x00000000145d9800 1907       3       java.io.BufferedInputStream::getInIfOpen (21 bytes)
Event: 3.809 Thread 0x00000000145d9800 nmethod 1907 0x0000000003820590 code [0x0000000003820700, 0x0000000003820948]

GC Heap History (4 events):
Event: 1.261 GC heap before
{Heap before GC invocations=1 (full 0):
 PSYoungGen      total 37888K, used 32768K [0x00000000f5580000, 0x00000000f7f80000, 0x0000000100000000)
  eden space 32768K, 100% used [0x00000000f5580000,0x00000000f7580000,0x00000000f7580000)
  from space 5120K, 0% used [0x00000000f7a80000,0x00000000f7a80000,0x00000000f7f80000)
  to   space 5120K, 0% used [0x00000000f7580000,0x00000000f7580000,0x00000000f7a80000)
 ParOldGen       total 86016K, used 0K [0x00000000e0000000, 0x00000000e5400000, 0x00000000f5580000)
  object space 86016K, 0% used [0x00000000e0000000,0x00000000e0000000,0x00000000e5400000)
 Metaspace       used 7724K, capacity 7874K, committed 8064K, reserved 1056768K
  class space    used 971K, capacity 1049K, committed 1152K, reserved 1048576K
Event: 1.269 GC heap after
Heap after GC invocations=1 (full 0):
 PSYoungGen      total 37888K, used 4558K [0x00000000f5580000, 0x00000000f7f80000, 0x0000000100000000)
  eden space 32768K, 0% used [0x00000000f5580000,0x00000000f5580000,0x00000000f7580000)
  from space 5120K, 89% used [0x00000000f7580000,0x00000000f79f3a78,0x00000000f7a80000)
  to   space 5120K, 0% used [0x00000000f7a80000,0x00000000f7a80000,0x00000000f7f80000)
 ParOldGen       total 86016K, used 16K [0x00000000e0000000, 0x00000000e5400000, 0x00000000f5580000)
  object space 86016K, 0% used [0x00000000e0000000,0x00000000e0004000,0x00000000e5400000)
 Metaspace       used 7724K, capacity 7874K, committed 8064K, reserved 1056768K
  class space    used 971K, capacity 1049K, committed 1152K, reserved 1048576K
}
Event: 2.576 GC heap before
{Heap before GC invocations=2 (full 0):
 PSYoungGen      total 37888K, used 37326K [0x00000000f5580000, 0x00000000f7f80000, 0x0000000100000000)
  eden space 32768K, 100% used [0x00000000f5580000,0x00000000f7580000,0x00000000f7580000)
  from space 5120K, 89% used [0x00000000f7580000,0x00000000f79f3a78,0x00000000f7a80000)
  to   space 5120K, 0% used [0x00000000f7a80000,0x00000000f7a80000,0x00000000f7f80000)
 ParOldGen       total 86016K, used 16K [0x00000000e0000000, 0x00000000e5400000, 0x00000000f5580000)
  object space 86016K, 0% used [0x00000000e0000000,0x00000000e0004000,0x00000000e5400000)
 Metaspace       used 12404K, capacity 12600K, committed 12928K, reserved 1060864K
  class space    used 1523K, capacity 1575K, committed 1664K, reserved 1048576K
Event: 2.595 GC heap after
Heap after GC invocations=2 (full 0):
 PSYoungGen      total 37888K, used 5116K [0x00000000f5580000, 0x00000000f9f80000, 0x0000000100000000)
  eden space 32768K, 0% used [0x00000000f5580000,0x00000000f5580000,0x00000000f7580000)
  from space 5120K, 99% used [0x00000000f7a80000,0x00000000f7f7f2d0,0x00000000f7f80000)
  to   space 5120K, 0% used [0x00000000f7580000,0x00000000f7580000,0x00000000f7a80000)
 ParOldGen       total 86016K, used 1675K [0x00000000e0000000, 0x00000000e5400000, 0x00000000f5580000)
  object space 86016K, 1% used [0x00000000e0000000,0x00000000e01a2e10,0x00000000e5400000)
 Metaspace       used 12404K, capacity 12600K, committed 12928K, reserved 1060864K
  class space    used 1523K, capacity 1575K, committed 1664K, reserved 1048576K
}

Deoptimization events (10 events):
Event: 2.494 Thread 0x0000000003093800 Uncommon trap: reason=bimorphic action=maybe_recompile pc=0x00000000034de3a8 method=java.util.HashMap.putVal(ILjava/lang/Object;Ljava/lang/Object;ZZ)Ljava/lang/Object; @ 203
Event: 2.629 Thread 0x0000000003093800 Uncommon trap: reason=unstable_if action=reinterpret pc=0x000000000364183c method=org.codehaus.plexus.util.xml.pull.MXParser.nextImpl()I @ 912
Event: 2.803 Thread 0x0000000003093800 Uncommon trap: reason=speculate_class_check action=maybe_recompile pc=0x00000000036c3498 method=java.nio.charset.CharsetDecoder.decode(Ljava/nio/ByteBuffer;Ljava/nio/CharBuffer;Z)Ljava/nio/charset/CoderResult; @ 57
Event: 2.804 Thread 0x0000000003093800 Uncommon trap: reason=speculate_class_check action=maybe_recompile pc=0x00000000036c3498 method=java.nio.charset.CharsetDecoder.decode(Ljava/nio/ByteBuffer;Ljava/nio/CharBuffer;Z)Ljava/nio/charset/CoderResult; @ 57
Event: 2.806 Thread 0x0000000003093800 Uncommon trap: reason=speculate_class_check action=maybe_recompile pc=0x00000000036c3498 method=java.nio.charset.CharsetDecoder.decode(Ljava/nio/ByteBuffer;Ljava/nio/CharBuffer;Z)Ljava/nio/charset/CoderResult; @ 57
Event: 2.808 Thread 0x0000000003093800 Uncommon trap: reason=speculate_class_check action=maybe_recompile pc=0x00000000036c3498 method=java.nio.charset.CharsetDecoder.decode(Ljava/nio/ByteBuffer;Ljava/nio/CharBuffer;Z)Ljava/nio/charset/CoderResult; @ 57
Event: 3.111 Thread 0x0000000003093800 Uncommon trap: reason=null_check action=make_not_entrant pc=0x0000000003746bf0 method=org.apache.maven.model.io.xpp3.MavenXpp3Reader.checkFieldWithDuplicate(Lorg/codehaus/plexus/util/xml/pull/XmlPullParser;Ljava/lang/String;Ljava/lang/String;Ljava/util/Se
Event: 3.328 Thread 0x0000000003093800 Uncommon trap: reason=unstable_if action=reinterpret pc=0x000000000348e504 method=sun.nio.cs.UTF_8$Decoder.decode([BII[C)I @ 30
Event: 3.329 Thread 0x0000000003093800 Uncommon trap: reason=unstable_if action=reinterpret pc=0x000000000342d114 method=sun.nio.cs.UTF_8$Decoder.decodeArrayLoop(Ljava/nio/ByteBuffer;Ljava/nio/CharBuffer;)Ljava/nio/charset/CoderResult; @ 84
Event: 3.347 Thread 0x0000000003093800 Uncommon trap: reason=unstable_if action=reinterpret pc=0x0000000003443508 method=sun.nio.cs.UTF_8$Decoder.decode([BII[C)I @ 30

Classes redefined (0 events):
No events

Internal exceptions (10 events):
Event: 1.097 Thread 0x0000000003093800 Exception <a 'java/lang/ArrayIndexOutOfBoundsException'> (0x00000000f70c2bc0) thrown at [C:\re\workspace\8-2-build-windows-amd64-cygwin\jdk8u172\10810\hotspot\src\share\vm\runtime\sharedRuntime.cpp, line 605]
Event: 1.284 Thread 0x0000000003093800 Exception <a 'java/lang/NoClassDefFoundError': org/slf4j/Logger> (0x00000000f55cff40) thrown at [C:\re\workspace\8-2-build-windows-amd64-cygwin\jdk8u172\10810\hotspot\src\share\vm\classfile\systemDictionary.cpp, line 199]
Event: 1.377 Thread 0x0000000003093800 Exception <a 'java/lang/NoClassDefFoundError': org/slf4j/LoggerFactory> (0x00000000f58c63c8) thrown at [C:\re\workspace\8-2-build-windows-amd64-cygwin\jdk8u172\10810\hotspot\src\share\vm\classfile\systemDictionary.cpp, line 199]
Event: 1.377 Thread 0x0000000003093800 Exception <a 'java/lang/NoClassDefFoundError'> (0x00000000f58c63c8) thrown at [C:\re\workspace\8-2-build-windows-amd64-cygwin\jdk8u172\10810\hotspot\src\share\vm\oops\instanceKlass.cpp, line 959]
Event: 1.881 Thread 0x0000000003093800 Implicit null exception at 0x000000000338e722 to 0x000000000338e8d1
Event: 2.458 Thread 0x0000000003093800 Implicit null exception at 0x0000000003542695 to 0x000000000354286d
Event: 2.459 Thread 0x0000000003093800 Implicit null exception at 0x000000000348b2ef to 0x000000000348b359
Event: 2.460 Thread 0x0000000003093800 Implicit null exception at 0x000000000351fdbb to 0x0000000003520375
Event: 3.111 Thread 0x0000000003093800 Implicit null exception at 0x0000000003745a1d to 0x0000000003746bd5
Event: 3.459 Thread 0x0000000003093800 Exception <a 'java/lang/NoClassDefFoundError': org/slf4j/Logger> (0x00000000f6f32788) thrown at [C:\re\workspace\8-2-build-windows-amd64-cygwin\jdk8u172\10810\hotspot\src\share\vm\oops\constantPool.cpp, line 235]

Events (10 events):
Event: 3.602 loading class org/apache/commons/exec/InputStreamPumper done
Event: 3.602 loading class org/apache/commons/exec/InputStreamPumper
Event: 3.602 loading class org/apache/commons/exec/InputStreamPumper done
Event: 3.604 loading class org/apache/commons/exec/StreamPumper
Event: 3.604 loading class org/apache/commons/exec/StreamPumper done
Event: 3.604 loading class org/apache/commons/exec/StreamPumper
Event: 3.604 loading class org/apache/commons/exec/StreamPumper done
Event: 3.605 Thread 0x00000000181f1000 Thread added: 0x00000000181f1000
Event: 3.605 Thread 0x00000000173fa000 Thread added: 0x00000000173fa000
Event: 3.605 Thread 0x0000000017873800 Thread added: 0x0000000017873800


Dynamic libraries:
0x00007ff731930000 - 0x00007ff731967000 	C:\Program Files\Java\jdk1.8.0_172\bin\java.exe
0x00007ffe7c430000 - 0x00007ffe7c611000 	C:\WINDOWS\SYSTEM32\ntdll.dll
0x00007ffe7b0a0000 - 0x00007ffe7b152000 	C:\WINDOWS\System32\KERNEL32.DLL
0x00007ffe794f0000 - 0x00007ffe79763000 	C:\WINDOWS\System32\KERNELBASE.dll
0x00007ffe7b400000 - 0x00007ffe7b4a1000 	C:\WINDOWS\System32\ADVAPI32.dll
0x00007ffe7b990000 - 0x00007ffe7ba2e000 	C:\WINDOWS\System32\msvcrt.dll
0x00007ffe7b160000 - 0x00007ffe7b1bb000 	C:\WINDOWS\System32\sechost.dll
0x00007ffe7aed0000 - 0x00007ffe7aff4000 	C:\WINDOWS\System32\RPCRT4.dll
0x00007ffe7c0f0000 - 0x00007ffe7c280000 	C:\WINDOWS\System32\USER32.dll
0x00007ffe79820000 - 0x00007ffe79840000 	C:\WINDOWS\System32\win32u.dll
0x00007ffe798c0000 - 0x00007ffe798e8000 	C:\WINDOWS\System32\GDI32.dll
0x00007ffe79250000 - 0x00007ffe793e2000 	C:\WINDOWS\System32\gdi32full.dll
0x00007ffe79450000 - 0x00007ffe794ef000 	C:\WINDOWS\System32\msvcp_win.dll
0x00007ffe78f10000 - 0x00007ffe7900a000 	C:\WINDOWS\System32\ucrtbase.dll
0x00007ffe69430000 - 0x00007ffe69699000 	C:\WINDOWS\WinSxS\amd64_microsoft.windows.common-controls_6595b64144ccf1df_6.0.17134.472_none_fb3f9af53068156d\COMCTL32.dll
0x00007ffe7b600000 - 0x00007ffe7b922000 	C:\WINDOWS\System32\combase.dll
0x00007ffe79840000 - 0x00007ffe798ba000 	C:\WINDOWS\System32\bcryptPrimitives.dll
0x00007ffe7b000000 - 0x00007ffe7b02d000 	C:\WINDOWS\System32\IMM32.DLL
0x000000006aca0000 - 0x000000006ad72000 	C:\Program Files\Java\jdk1.8.0_172\jre\bin\msvcr100.dll
0x000000006b740000 - 0x000000006bfe3000 	C:\Program Files\Java\jdk1.8.0_172\jre\bin\server\jvm.dll
0x00007ffe7b520000 - 0x00007ffe7b528000 	C:\WINDOWS\System32\PSAPI.DLL
0x00007ffe696c0000 - 0x00007ffe696c9000 	C:\WINDOWS\SYSTEM32\WSOCK32.dll
0x00007ffe76990000 - 0x00007ffe769b3000 	C:\WINDOWS\SYSTEM32\WINMM.dll
0x00007ffe7b030000 - 0x00007ffe7b09c000 	C:\WINDOWS\System32\WS2_32.dll
0x00007ffe6e550000 - 0x00007ffe6e55a000 	C:\WINDOWS\SYSTEM32\VERSION.dll
0x00007ffe76960000 - 0x00007ffe7698a000 	C:\WINDOWS\SYSTEM32\WINMMBASE.dll
0x00007ffe79200000 - 0x00007ffe79249000 	C:\WINDOWS\System32\cfgmgr32.dll
0x000000006b5a0000 - 0x000000006b5af000 	C:\Program Files\Java\jdk1.8.0_172\jre\bin\verify.dll
0x000000006b570000 - 0x000000006b599000 	C:\Program Files\Java\jdk1.8.0_172\jre\bin\java.dll
0x000000006b550000 - 0x000000006b566000 	C:\Program Files\Java\jdk1.8.0_172\jre\bin\zip.dll
0x00007ffe79a90000 - 0x00007ffe7aed0000 	C:\WINDOWS\System32\SHELL32.dll
0x00007ffe7b1c0000 - 0x00007ffe7b269000 	C:\WINDOWS\System32\shcore.dll
0x00007ffe78800000 - 0x00007ffe78f0d000 	C:\WINDOWS\System32\windows.storage.dll
0x00007ffe7b4c0000 - 0x00007ffe7b511000 	C:\WINDOWS\System32\shlwapi.dll
0x00007ffe787c0000 - 0x00007ffe787d1000 	C:\WINDOWS\System32\kernel.appcore.dll
0x00007ffe787a0000 - 0x00007ffe787bf000 	C:\WINDOWS\System32\profapi.dll
0x00007ffe78740000 - 0x00007ffe7878c000 	C:\WINDOWS\System32\powrprof.dll
0x00007ffe78790000 - 0x00007ffe7879a000 	C:\WINDOWS\System32\FLTLIB.DLL
0x000000006b140000 - 0x000000006b15a000 	C:\Program Files\Java\jdk1.8.0_172\jre\bin\net.dll
0x00007ffe77f10000 - 0x00007ffe77f76000 	C:\WINDOWS\system32\mswsock.dll
0x000000006b120000 - 0x000000006b131000 	C:\Program Files\Java\jdk1.8.0_172\jre\bin\nio.dll

VM Arguments:
jvm_args: -Dclassworlds.conf=C:\Program Files\NetBeans 8.2\java\maven\bin\m2.conf -Dmaven.home=C:\Program Files\NetBeans 8.2\java\maven -Xmx512M 
java_command: org.codehaus.plexus.classworlds.launcher.Launcher -Dexec.args=-classpath %classpath TEST.Test -Dexec.executable=C:\Program Files\Java\jdk1.8.0_172\bin\java.exe -Dexec.classpathScope=runtime -Dmaven.ext.class.path=C:\Program Files\NetBeans 8.2\java\maven-nblib\netbeans-eventspy.jar -Dfile.encoding=UTF-8 org.codehaus.mojo:exec-maven-plugin:1.2.1:exec
java_class_path (initial): C:\Program Files\NetBeans 8.2\java\maven\boot\plexus-classworlds-2.4.jar
Launcher Type: SUN_STANDARD

Environment Variables:
JAVA_HOME=C:\Program Files\Java\jdk1.8.0_172
_JAVA_OPTIONS=-Xmx512M
CLASSPATH=.;
USERNAME=hamza
OS=Windows_NT
PROCESSOR_IDENTIFIER=Intel64 Family 6 Model 37 Stepping 5, GenuineIntel



---------------  S Y S T E M  ---------------

OS: Windows 10.0 , 64 bit Build 17134 (10.0.17134.1)

CPU:total 4 (initial active 4) (2 cores per cpu, 2 threads per core) family 6 model 37 stepping 5, cmov, cx8, fxsr, mmx, sse, sse2, sse3, ssse3, sse4.1, sse4.2, popcnt, ht, tsc, tscinvbit

Memory: 4k page, physical 8180272k(1502856k free), swap 9595440k(5896k free)

vm_info: Java HotSpot(TM) 64-Bit Server VM (25.172-b11) for windows-amd64 JRE (1.8.0_172-b11), built on Mar 28 2018 21:21:52 by "java_re" with MS VC++ 10.0 (VS2010)

time: Mon Dec 31 18:33:32 2018
elapsed time: 4 seconds (0d 0h 0m 4s)

